# JRE version: OpenJDK Runtime Environment Temurin-25.0.1+8 (25.0.1+8) (build 25.0.1+8-LTS)
# Java VM: OpenJDK 64-Bit Server VM Temurin-25.0.1+8 (25.0.1+8-LTS, mixed mode, sharing, tiered, compressed oops, compressed class ptrs, g1 gc, windows-amd64)
GC Precious Log:
 CardTable entry size: 512
 Card Set container configuration: InlinePtr #cards 4 size 8 Array Of Cards #cards 16 size 48 Howl #buckets 8 coarsen threshold 3686 Howl Bitmap #cards 512 size 80 coarsen threshold 460 Card regions per heap region 1 cards per card region 4096
 CPUs: 4 total, 4 available
 Memory: 16295M
 Large Page Support: Disabled
 NUMA Support: Disabled
 Compressed Oops: Enabled (Zero based)
 Heap Region Size: 2M
 Heap Min Capacity: 8M
 Heap Initial Capacity: 256M
 Heap Max Capacity: 4074M
 Pre-touch: Disabled
 Parallel Workers: 4
 Concurrent Workers: 1
 Concurrent Refinement Workers: 4
 Periodic GC: Disabled
Heap:
 garbage-first heap   total reserved 4171776K, committed 206848K, used 138934K [0x0000000701600000, 0x0000000800000000)
  region size 2048K, 14 young (28672K), 3 survivors (6144K)
GC Heap Usage History (20 events):
Event: 28.320 {heap Before GC invocations=15 (full 0):
 garbage-first heap   total reserved 4171776K, committed 137216K, used 117925K [0x0000000701600000, 0x0000000800000000)
  region size 2048K, 28 young (57344K), 2 survivors (4096K)
}
Event: 28.333 {heap After GC invocations=16 (full 0):
 garbage-first heap   total reserved 4171776K, committed 137216K, used 69199K [0x0000000701600000, 0x0000000800000000)
  region size 2048K, 3 young (6144K), 3 survivors (6144K)
}
Event: 37.692 {heap Before GC invocations=16 (full 0):
 garbage-first heap   total reserved 4171776K, committed 137216K, used 122447K [0x0000000701600000, 0x0000000800000000)
  region size 2048K, 30 young (61440K), 3 survivors (6144K)
}
Event: 37.709 {heap After GC invocations=17 (full 0):
 garbage-first heap   total reserved 4171776K, committed 137216K, used 71762K [0x0000000701600000, 0x0000000800000000)
  region size 2048K, 3 young (6144K), 3 survivors (6144K)
}
Event: 40.545 {heap Before GC invocations=18 (full 0):
 garbage-first heap   total reserved 4171776K, committed 137216K, used 120914K [0x0000000701600000, 0x0000000800000000)
  region size 2048K, 28 young (57344K), 3 survivors (6144K)
}
Event: 40.560 {heap After GC invocations=19 (full 0):
 garbage-first heap   total reserved 4171776K, committed 137216K, used 73897K [0x0000000701600000, 0x0000000800000000)
  region size 2048K, 3 young (6144K), 3 survivors (6144K)
}
Event: 44.327 {heap Before GC invocations=19 (full 0):
 garbage-first heap   total reserved 4171776K, committed 137216K, used 125097K [0x0000000701600000, 0x0000000800000000)
  region size 2048K, 28 young (57344K), 3 survivors (6144K)
}
Event: 44.343 {heap After GC invocations=20 (full 0):
 garbage-first heap   total reserved 4171776K, committed 139264K, used 77531K [0x0000000701600000, 0x0000000800000000)
  region size 2048K, 4 young (8192K), 4 survivors (8192K)
}
Event: 47.151 {heap Before GC invocations=20 (full 0):
 garbage-first heap   total reserved 4171776K, committed 139264K, used 124635K [0x0000000701600000, 0x0000000800000000)
  region size 2048K, 28 young (57344K), 4 survivors (8192K)
}
Event: 47.168 {heap After GC invocations=21 (full 0):
 garbage-first heap   total reserved 4171776K, committed 139264K, used 80522K [0x0000000701600000, 0x0000000800000000)
  region size 2048K, 4 young (8192K), 4 survivors (8192K)
}
Event: 75.038 {heap Before GC invocations=22 (full 0):
 garbage-first heap   total reserved 4171776K, committed 182272K, used 178826K [0x0000000701600000, 0x0000000800000000)
  region size 2048K, 17 young (34816K), 4 survivors (8192K)
}
Event: 75.054 {heap After GC invocations=23 (full 0):
 garbage-first heap   total reserved 4171776K, committed 192512K, used 98746K [0x0000000701600000, 0x0000000800000000)
  region size 2048K, 3 young (6144K), 3 survivors (6144K)
}
Event: 77.808 {heap Before GC invocations=23 (full 0):
 garbage-first heap   total reserved 4171776K, committed 192512K, used 176570K [0x0000000701600000, 0x0000000800000000)
  region size 2048K, 41 young (83968K), 3 survivors (6144K)
}
Event: 77.845 {heap After GC invocations=24 (full 0):
 garbage-first heap   total reserved 4171776K, committed 198656K, used 112640K [0x0000000701600000, 0x0000000800000000)
  region size 2048K, 6 young (12288K), 6 survivors (12288K)
}
Event: 79.625 {heap Before GC invocations=24 (full 0):
 garbage-first heap   total reserved 4171776K, committed 198656K, used 178176K [0x0000000701600000, 0x0000000800000000)
  region size 2048K, 38 young (77824K), 6 survivors (12288K)
}
Event: 79.666 {heap After GC invocations=25 (full 0):
 garbage-first heap   total reserved 4171776K, committed 206848K, used 112640K [0x0000000701600000, 0x0000000800000000)
  region size 2048K, 5 young (10240K), 5 survivors (10240K)
}
Event: 81.866 {heap Before GC invocations=26 (full 0):
 garbage-first heap   total reserved 4171776K, committed 206848K, used 176128K [0x0000000701600000, 0x0000000800000000)
  region size 2048K, 36 young (73728K), 5 survivors (10240K)
}
Event: 81.896 {heap After GC invocations=27 (full 0):
 garbage-first heap   total reserved 4171776K, committed 206848K, used 117479K [0x0000000701600000, 0x0000000800000000)
  region size 2048K, 2 young (4096K), 2 survivors (4096K)
}
Event: 83.516 {heap Before GC invocations=27 (full 0):
 garbage-first heap   total reserved 4171776K, committed 206848K, used 180967K [0x0000000701600000, 0x0000000800000000)
  region size 2048K, 33 young (67584K), 2 survivors (4096K)
}
Event: 83.527 {heap After GC invocations=28 (full 0):
 garbage-first heap   total reserved 4171776K, committed 206848K, used 118454K [0x0000000701600000, 0x0000000800000000)
  region size 2048K, 3 young (6144K), 3 survivors (6144K)
}

